wp-content\plugins\license-manager\includes\classes\OrderManager.php:59
{
    "order_id": 46,
    "licenses": {
        "amount": 3,
        "charset": "123456789ABCDEFGHIJKLMNPQRSTUVWXYZ",
        "chunks": 2,
        "chunk_length": 5,
        "separator": "-",
        "licenses": [
            "6W1F8-YL9E7",
            "R91BN-ZK7VJ",
            "T1Q9N-CTVGK"
        ]
    }
}



wp-content\plugins\license-manager\includes\classes\OrderManager.php:59
{
    "order_id": 46,
    "licenses": {
        "amount": 2,
        "charset": "123456789ABCDEFGHIJKLMNPQRSTUVWXYZ",
        "chunks": 2,
        "chunk_length": 5,
        "separator": "-",
        "licenses": [
            "EQWJ1-XA2M3",
            "Y9HTH-JJGYJ"
        ]
    }
}



wp-content\plugins\license-manager\includes\classes\OrderManager.php:59
{
    "order_id": 46,
    "licenses": {
        "amount": 3,
        "charset": "123456789ABCDEFGHIJKLMNPQRSTUVWXYZ",
        "chunks": 2,
        "chunk_length": 5,
        "separator": "-",
        "licenses": [
            "6RRGR-DK9FG",
            "LGZJA-J6SGM",
            "N63XP-KYYI6"
        ]
    }
}



wp-content\plugins\license-manager\includes\classes\OrderManager.php:59
{
    "order_id": 46,
    "licenses": {
        "amount": 2,
        "charset": "123456789ABCDEFGHIJKLMNPQRSTUVWXYZ",
        "chunks": 2,
        "chunk_length": 5,
        "separator": "-",
        "licenses": [
            "37XGE-6FUPV",
            "QPJ1H-K1HXD"
        ]
    }
}



wp-content\plugins\license-manager\includes\classes\OrderManager.php:59
{
    "order_id": 46,
    "licenses": {
        "amount": 3,
        "charset": "123456789ABCDEFGHIJKLMNPQRSTUVWXYZ",
        "chunks": 2,
        "chunk_length": 5,
        "separator": "-",
        "licenses": [
            "H5JYZ-KR5J7",
            "VR4NL-A6S6J",
            "X1QB9-46GIG"
        ]
    }
}



wp-content\plugins\license-manager\includes\classes\OrderManager.php:59
{
    "order_id": 46,
    "licenses": {
        "amount": 2,
        "charset": "123456789ABCDEFGHIJKLMNPQRSTUVWXYZ",
        "chunks": 2,
        "chunk_length": 5,
        "separator": "-",
        "licenses": [
            "BJPHT-LWNHC",
            "NN1ID-QSKQI"
        ]
    }
}



wp-content\plugins\license-manager\includes\classes\OrderManager.php:59
{
    "order_id": 41,
    "licenses": {
        "amount": 3,
        "charset": "123456789ABCDEFGHIJKLMNPQRSTUVWXYZ",
        "chunks": 2,
        "chunk_length": 5,
        "separator": "-",
        "licenses": [
            "9VL6U-YKT6L",
            "GRZ72-RJB7W",
            "SG3PZ-VGXXM"
        ]
    }
}



wp-content\plugins\license-manager\includes\classes\Database.php:41
2018-06-10 15:19:37



wp-content\plugins\license-manager\includes\classes\OrderManager.php:59
{
    "order_id": 41,
    "licenses": {
        "amount": 3,
        "charset": "123456789ABCDEFGHIJKLMNPQRSTUVWXYZ",
        "chunks": 2,
        "chunk_length": 5,
        "separator": "-",
        "licenses": [
            "AJNMI-C5I26",
            "G169L-NZQUT",
            "NN1ZG-DKGQC"
        ]
    }
}



wp-content\plugins\license-manager\includes\classes\Database.php:41
2018-06-10 15:22:23



wp-content\plugins\license-manager\includes\classes\OrderManager.php:59
{
    "order_id": 41,
    "licenses": {
        "amount": 3,
        "charset": "123456789ABCDEFGHIJKLMNPQRSTUVWXYZ",
        "chunks": 2,
        "chunk_length": 5,
        "separator": "-",
        "licenses": [
            "AM5CJ-XJH9G",
            "E4BWX-J45FC",
            "GT1HP-AILS2"
        ]
    }
}



