wp-content\plugins\license-manager\includes\classes\Logger.php:241
Exception thrown at: 2018-06-08 20:11
Message: It's not possible to generate that many keys with the given parameters, there are not enough combinations. Please review your inputs.
Code: 1
Thrown at: D:\wamp64\www\wordpress\wp-content\plugins\license-manager\includes\classes\Generator.php:72
Trace:
    [0] LicenseManager\Classes\Generator->createLicenseKeys() | D:\wamp64\www\wordpress\wp-includes\class-wp-hook.php:286
    [1] WP_Hook->apply_filters() | D:\wamp64\www\wordpress\wp-includes\plugin.php:203
    [2] apply_filters() | D:\wamp64\www\wordpress\wp-content\plugins\license-manager\license-manager.php:44
    [3] include_once() | D:\wamp64\www\wordpress\wp-settings.php:305
    [4] require_once() | D:\wamp64\www\wordpress\wp-config.php:90
    [5] require_once() | D:\wamp64\www\wordpress\wp-load.php:37
    [6] require_once() | D:\wamp64\www\wordpress\wp-admin\admin.php:31




wp-content\plugins\license-manager\includes\classes\Logger.php:241
Exception thrown at: 2018-06-08 20:11
Message: It's not possible to generate that many keys with the given parameters, there are not enough combinations. Please review your inputs.
Code: 1
Thrown at: D:\wamp64\www\wordpress\wp-content\plugins\license-manager\includes\classes\Generator.php:72
Trace:
    [0] LicenseManager\Classes\Generator->createLicenseKeys() | D:\wamp64\www\wordpress\wp-includes\class-wp-hook.php:286
    [1] WP_Hook->apply_filters() | D:\wamp64\www\wordpress\wp-includes\plugin.php:203
    [2] apply_filters() | D:\wamp64\www\wordpress\wp-content\plugins\license-manager\license-manager.php:44
    [3] include_once() | D:\wamp64\www\wordpress\wp-settings.php:305
    [4] require_once() | D:\wamp64\www\wordpress\wp-config.php:90
    [5] require_once() | D:\wamp64\www\wordpress\wp-load.php:37
    [6] require_once() | D:\wamp64\www\wordpress\wp-admin\admin.php:31




wp-content\plugins\license-manager\includes\classes\Logger.php:243
{
    "amount": 5,
    "charset": "01",
    "chunks": 1,
    "chunk_length": 2,
    "separator": "-"
}



wp-content\plugins\license-manager\includes\classes\Logger.php:241
Exception thrown at: 2018-06-08 20:13
Message: It's not possible to generate that many keys with the given parameters, there are not enough combinations. Please review your inputs.
Code: 1
Thrown at: D:\wamp64\www\wordpress\wp-content\plugins\license-manager\includes\classes\Generator.php:72
Trace:
    [0] LicenseManager\Classes\Generator->createLicenseKeys() | D:\wamp64\www\wordpress\wp-includes\class-wp-hook.php:286
    [1] WP_Hook->apply_filters() | D:\wamp64\www\wordpress\wp-includes\plugin.php:203
    [2] apply_filters() | D:\wamp64\www\wordpress\wp-content\plugins\license-manager\license-manager.php:44
    [3] include_once() | D:\wamp64\www\wordpress\wp-settings.php:305
    [4] require_once() | D:\wamp64\www\wordpress\wp-config.php:90
    [5] require_once() | D:\wamp64\www\wordpress\wp-load.php:37
    [6] require_once() | D:\wamp64\www\wordpress\wp-admin\admin.php:31




wp-content\plugins\license-manager\includes\classes\Logger.php:243
{
    "amount": 5,
    "charset": "01",
    "chunks": 1,
    "chunk_length": 2,
    "separator": "-"
}



